ICC/EmptyPendingIntent-PrivEscalation-Lean/Benign/app/build/outputs/logs/manifest-merger-debug-report.txt
-- Merging decision tree log ---
manifest
ADDED from src/main/AndroidManifest.xml:2:1-35:12
	package
		ADDED from src/main/AndroidManifest.xml:3:5-32
		INJECTED from src/main/AndroidManifest.xml
		INJECTED from src/main/AndroidManifest.xml
	android:versionName
		INJECTED from src/main/AndroidManifest.xml
		INJECTED from src/main/AndroidManifest.xml
	xmlns:android
		ADDED from src/main/AndroidManifest.xml:2:11-69
	android:versionCode
		INJECTED from src/main/AndroidManifest.xml
		INJECTED from src/main/AndroidManifest.xml
application
ADDED from src/main/AndroidManifest.xml:5:5-33:19
MERGED from [com.android.support:appcompat-v7:25.1.1] AndroidManifest.xml:25:5-20
MERGED from [com.android.support:support-v4:25.1.1] AndroidManifest.xml:25:5-20
MERGED from [com.android.support:support-fragment:25.1.1] AndroidManifest.xml:25:5-20
MERGED from [com.android.support:support-media-compat:25.1.1] AndroidManifest.xml:25:5-20
MERGED from [com.android.support:support-core-ui:25.1.1] AndroidManifest.xml:25:5-20
MERGED from [com.android.support:support-core-utils:25.1.1] AndroidManifest.xml:25:5-20
MERGED from [com.android.support:animated-vector-drawable:25.1.1] AndroidManifest.xml:22:5-20
MERGED from [com.android.support:support-vector-drawable:25.1.1] AndroidManifest.xml:23:5-20
MERGED from [com.android.support:support-compat:25.1.1] AndroidManifest.xml:25:5-20
MERGED from [com.android.support.constraint:constraint-layout:1.0.2] AndroidManifest.xml:9:5-20
	android:label
		ADDED from src/main/AndroidManifest.xml:8:9-41
	android:supportsRtl
		ADDED from src/main/AndroidManifest.xml:10:9-35
	android:roundIcon
		ADDED from src/main/AndroidManifest.xml:9:9-54
	android:allowBackup
		ADDED from src/main/AndroidManifest.xml:6:9-35
	android:icon
		ADDED from src/main/AndroidManifest.xml:7:9-43
	android:theme
		ADDED from src/main/AndroidManifest.xml:11:9-40
activity#edu.cs.ksu.benign.MainActivity
ADDED from src/main/AndroidManifest.xml:12:9-18:20
	android:name
		ADDED from src/main/AndroidManifest.xml:12:19-64
intent-filter#android.intent.action.MAIN+android.intent.category.LAUNCHER
ADDED from src/main/AndroidManifest.xml:13:13-17:29
action#android.intent.action.MAIN
ADDED from src/main/AndroidManifest.xml:14:17-69
	android:name
		ADDED from src/main/AndroidManifest.xml:14:25-66
category#android.intent.category.LAUNCHER
ADDED from src/main/AndroidManifest.xml:16:17-77
	android:name
		ADDED from src/main/AndroidManifest.xml:16:27-74
service#edu.cs.ksu.benign.MySensitiveService
ADDED from src/main/AndroidManifest.xml:22:9-26:19
	android:exported
		ADDED from src/main/AndroidManifest.xml:22:70-94
	android:name
		ADDED from src/main/AndroidManifest.xml:22:18-69
intent-filter#santos.cs.ksu.sensitiveServ
ADDED from src/main/AndroidManifest.xml:23:13-25:29
action#santos.cs.ksu.sensitiveServ
ADDED from src/main/AndroidManifest.xml:24:17-69
	android:name
		ADDED from src/main/AndroidManifest.xml:24:25-67
service#edu.cs.ksu.benign.MyService
ADDED from src/main/AndroidManifest.xml:28:9-32:19
	android:exported
		ADDED from src/main/AndroidManifest.xml:28:61-85
	android:name
		ADDED from src/main/AndroidManifest.xml:28:18-60
intent-filter#santos.cs.ksu.myServ
ADDED from src/main/AndroidManifest.xml:29:13-31:29
action#santos.cs.ksu.myServ
ADDED from src/main/AndroidManifest.xml:30:17-62
	android:name
		ADDED from src/main/AndroidManifest.xml:30:25-60
uses-sdk
INJECTED from src/main/AndroidManifest.xml reason: use-sdk injection requested
MERGED from [com.android.support:appcompat-v7:25.1.1] AndroidManifest.xml:21:5-23:78
MERGED from [com.android.support:support-v4:25.1.1] AndroidManifest.xml:21:5-23:54
MERGED from [com.android.support:support-fragment:25.1.1] AndroidManifest.xml:21:5-23:60
MERGED from [com.android.support:support-media-compat:25.1.1] AndroidManifest.xml:21:5-23:63
MERGED from [com.android.support:support-core-ui:25.1.1] AndroidManifest.xml:21:5-23:58
MERGED from [com.android.support:support-core-utils:25.1.1] AndroidManifest.xml:21:5-23:61
MERGED from [com.android.support:animated-vector-drawable:25.1.1] AndroidManifest.xml:20:5-44
MERGED from [com.android.support:support-vector-drawable:25.1.1] AndroidManifest.xml:21:5-43
MERGED from [com.android.support:support-compat:25.1.1] AndroidManifest.xml:21:5-23:58
MERGED from [com.android.support.constraint:constraint-layout:1.0.2] AndroidManifest.xml:5:5-7:41
	tools:overrideLibrary
		ADDED from [com.android.support:appcompat-v7:25.1.1] AndroidManifest.xml:23:9-75
	android:targetSdkVersion
		INJECTED from src/main/AndroidManifest.xml
		INJECTED from src/main/AndroidManifest.xml
	android:minSdkVersion
		INJECTED from src/main/AndroidManifest.xml
		INJECTED from src/main/AndroidManifest.xml